Arguments: 
  C:\Program Files\nodejs\node.exe C:\Users\fedor\AppData\Roaming\npm\node_modules\yarn\bin\yarn.js add react-redux-toastr

PATH: 
  C:\Program Files\Microsoft\jdk-11.0.16.101-hotspot\bin;C:\Windows\system32;C:\Windows;C:\Windows\System32\Wbem;C:\Windows\System32\WindowsPowerShell\v1.0\;C:\Windows\System32\OpenSSH\;C:\Program Files\NVIDIA Corporation\NVIDIA NvDLISR;C:\Program Files (x86)\NVIDIA Corporation\PhysX\Common;C:\Program Files\Microsoft SQL Server\150\Tools\Binn\;C:\Program Files\Microsoft SQL Server\Client SDK\ODBC\170\Tools\Binn\;C:\Program Files (x86)\Microsoft SQL Server\160\DTS\Binn\;C:\Program Files\Azure Data Studio\bin;C:\Program Files\dotnet\;C:\Program Files\WireGuard\;C:\Program Files\MongoDB\mongosh;C:\Program Files\nodejs\;C:\Program Files\Git\cmd;C:\Users\fedor\AppData\Roaming\npm;C:\Program Files\GitHub CLI\;C:\Users\fedor\AppData\Local\Microsoft\WindowsApps;C:\Program Files\Azure Data Studio\bin;C:\Users\fedor\AppData\Local\GitHubDesktop\bin;C:\Users\fedor\.dotnet\tools;C:\Users\fedor\AppData\Local\Programs\mongosh\;C:\Users\fedor\AppData\Roaming\npm;C:\Microsoft VS Code\bin;C:\WebStorm 2023.1.2\bin;;C:\Program Files\OpenSSL-Win64\bin;C:\Program Files\dotnet;C:\Program Files\PostgreSQL\15\bin;C:\Program Files\MongoDB\Server\6.0\bin;;C:\Users\fedor\OneDrive\Рабочий стол\Программирование\untitled-test-case\node_modules\.bin

Yarn version: 
  1.22.19

Node version: 
  18.16.0

Platform: 
  win32 x64

Trace: 
  Error: EPERM: operation not permitted, unlink 'C:\Users\fedor\OneDrive\Рабочий стол\Программирование\untitled-test-case\node_modules\@next\swc-win32-x64-msvc\next-swc.win32-x64-msvc.node'

npm manifest: 
  {
    "name": "untitled-test-case",
    "version": "0.1.0",
    "private": true,
    "scripts": {
      "dev": "next dev",
      "build": "next build",
      "start": "next start",
      "lint": "next lint"
    },
    "dependencies": {
      "@reduxjs/toolkit": "^1.9.5",
      "@tanstack/react-query": "^4.29.25",
      "axios": "^1.4.0",
      "@emotion/react": "^11.11.1",
      "@emotion/styled": "^11.11.0",
      "@mui/material": "^5.14.3",
      "@types/node": "20.6.3",
      "@types/react": "18.2.22",
      "@types/react-dom": "18.2.7",
      "autoprefixer": "10.4.16",
      "eslint": "8.49.0",
      "eslint-config-next": "13.5.2",
      "next": "13.5.2",
      "postcss": "8.4.30",
      "react": "18.2.0",
      "react-dom": "18.2.0",
      "react-hook-form": "^7.45.2",
      "react-redux": "^8.1.1",
      "react-redux-toastr": "^7.6.11",
      "redux": "^4.2.1",
      "sass": "^1.63.6",
      "tailwindcss": "3.3.3",
      "typescript": "5.2.2"
    }
  }

yarn manifest: 
  No manifest

Lockfile: 
  No lockfile
